
**** Build of configuration Nios II for project SynthesizerSoftware ****

make all 
Info: Building ../SynthesizerSoftware_bsp/
make --no-print-directory -C ../SynthesizerSoftware_bsp/
[BSP build complete]
Info: Compiling MIDISynthesizer.c to obj/default/MIDISynthesizer.o
nios2-elf-gcc -xc -MP -MMD -c -I../SynthesizerSoftware_bsp//UCOSII/inc -I../SynthesizerSoftware_bsp//HAL/inc -I../SynthesizerSoftware_bsp/ -I../SynthesizerSoftware_bsp//drivers/inc  -DSYSTEM_BUS_WIDTH=32 -pipe -D__hal__ -DALT_NO_INSTRUCTION_EMULATION -D__ucosii__    -O0 -g -Wall   -EL -mno-hw-div -mno-hw-mul -mno-hw-mulx  -o obj/default/MIDISynthesizer.o MIDISynthesizer.c
MIDISynthesizer.c: In function 'midiNote2midiFreq':
MIDISynthesizer.c:158: warning: implicit declaration of function 'pow'
MIDISynthesizer.c:158: warning: incompatible implicit declaration of built-in function 'pow'
MIDISynthesizer.c: In function 'task3':
MIDISynthesizer.c:189: warning: unused variable 'writeSizeL'
MIDISynthesizer.c:188: warning: unused variable 'i'
MIDISynthesizer.c:187: warning: unused variable 'l_buf'
MIDISynthesizer.c:183: warning: unused variable 'audio_config_dev'
MIDISynthesizer.c:179: warning: unused variable 'audio_dev'
MIDISynthesizer.c: In function 'PollForNotesTask':
MIDISynthesizer.c:243: warning: unused variable 'noteStatus'
MIDISynthesizer.c: In function 'task2':
MIDISynthesizer.c:286: warning: unused variable 'x'
MIDISynthesizer.c:279: warning: unused variable 'velocity'
MIDISynthesizer.c:278: warning: unused variable 'pitch'
MIDISynthesizer.c:277: warning: unused variable 'noteStatus'
Info: Linking SynthesizerSoftware.elf
nios2-elf-g++  -T'../SynthesizerSoftware_bsp//linker.x' -msys-crt0='../SynthesizerSoftware_bsp//obj/HAL/src/crt0.o' -msys-lib=ucosii_bsp -L../SynthesizerSoftware_bsp/   -Wl,-Map=SynthesizerSoftware.map   -O0 -g -Wall   -EL -mno-hw-div -mno-hw-mul -mno-hw-mulx  -o SynthesizerSoftware.elf obj/default/MIDISynthesizer.o -lm 
nios2-elf-insert SynthesizerSoftware.elf --thread_model ucosii --cpu_name nios2_qsys_0 --qsys true --simulation_enabled false --id 0 --sidp 0x109078 --timestamp 1425333644 --stderr_dev jtag_uart_0 --stdin_dev jtag_uart_0 --stdout_dev jtag_uart_0 --sopc_system_name niosII_system --quartus_project_dir "C:/Users/eorodrig/ece492/SynthesizerPrototypeV2/sythesizerPrototype_restored" --jdi C:/Users/eorodrig/ece492/SynthesizerPrototypeV2/sythesizerPrototype_restored/seven_segment.jdi --sopcinfo C:/Users/eorodrig/ece492/SynthesizerPrototypeV2/sythesizerPrototype_restored/niosII_system.sopcinfo
Info: (SynthesizerSoftware.elf) 95 KBytes program size (code + initialized data).
Info:                           410 KBytes free for stack + heap.
Info: Creating SynthesizerSoftware.objdump
nios2-elf-objdump --disassemble --syms --all-header --source SynthesizerSoftware.elf >SynthesizerSoftware.objdump
[SynthesizerSoftware build complete]

**** Build Finished ****
