
**** Build of configuration Nios II for project SynthesizerSoftware ****

make all 
Info: Building ../SynthesizerSoftware_bsp/
make --no-print-directory -C ../SynthesizerSoftware_bsp/
[BSP build complete]
Info: Compiling MIDISynthesizer.c to obj/default/MIDISynthesizer.o
nios2-elf-gcc -xc -MP -MMD -c -I../SynthesizerSoftware_bsp//UCOSII/inc -I../SynthesizerSoftware_bsp//HAL/inc -I../SynthesizerSoftware_bsp/ -I../SynthesizerSoftware_bsp//drivers/inc  -DSYSTEM_BUS_WIDTH=32 -pipe -D__hal__ -DALT_NO_INSTRUCTION_EMULATION -D__ucosii__    -O0 -g -Wall   -EL -mno-hw-div -mno-hw-mul -mno-hw-mulx  -o obj/default/MIDISynthesizer.o MIDISynthesizer.c
MIDISynthesizer.c: In function 'task3':
Info: Compiling testing.c to obj/default/testing.o
MIDISynthesizer.c:252: warning: unused variable 'writeSizeL'
nios2-elf-gcc -xc -MP -MMD -c -I../SynthesizerSoftware_bsp//UCOSII/inc -I../SynthesizerSoftware_bsp//HAL/inc -I../SynthesizerSoftware_bsp/ -I../SynthesizerSoftware_bsp//drivers/inc  -DSYSTEM_BUS_WIDTH=32 -pipe -D__hal__ -DALT_NO_INSTRUCTION_EMULATION -D__ucosii__    -O0 -g -Wall   -EL -mno-hw-div -mno-hw-mul -mno-hw-mulx  -o obj/default/testing.o testing.c
MIDISynthesizer.c:251: warning: unused variable 'i'
MIDISynthesizer.c:250: warning: unused variable 'l_buf'
Info: Linking SynthesizerSoftware.elf
MIDISynthesizer.c:246: warning: unused variable 'audio_config_dev'
MIDISynthesizer.c:242: warning: unused variable 'audio_dev'
nios2-elf-g++  -T'../SynthesizerSoftware_bsp//linker.x' -msys-crt0='../SynthesizerSoftware_bsp//obj/HAL/src/crt0.o' -msys-lib=ucosii_bsp -L../SynthesizerSoftware_bsp/   -Wl,-Map=SynthesizerSoftware.map   -O0 -g -Wall   -EL -mno-hw-div -mno-hw-mul -mno-hw-mulx  -o SynthesizerSoftware.elf obj/default/MIDISynthesizer.o obj/default/testing.o -lm 
MIDISynthesizer.c: In function 'PollForNotesTask':
nios2-elf-insert SynthesizerSoftware.elf --thread_model ucosii --cpu_name nios2_qsys_0 --qsys true --simulation_enabled false --id 0 --sidp 0x109078 --timestamp 1425333644 --stderr_dev jtag_uart_0 --stdin_dev jtag_uart_0 --stdout_dev jtag_uart_0 --sopc_system_name niosII_system --quartus_project_dir "C:/Users/eorodrig/ece492/SynthesizerPrototypeV2/sythesizerPrototype_restored" --jdi C:/Users/eorodrig/ece492/SynthesizerPrototypeV2/sythesizerPrototype_restored/seven_segment.jdi --sopcinfo C:/Users/eorodrig/ece492/SynthesizerPrototypeV2/sythesizerPrototype_restored/niosII_system.sopcinfo
MIDISynthesizer.c:306: warning: unused variable 'noteStatus'
MIDISynthesizer.c: In function 'main':
MIDISynthesizer.c:347: warning: control reaches end of non-void function
Info: (SynthesizerSoftware.elf) 96 KBytes program size (code + initialized data).
Info:                           410 KBytes free for stack + heap.
Info: Creating SynthesizerSoftware.objdump
nios2-elf-objdump --disassemble --syms --all-header --source SynthesizerSoftware.elf >SynthesizerSoftware.objdump
[SynthesizerSoftware build complete]

**** Build Finished ****
